<?xml version="1.0" encoding="utf-8"?>
<TestRun id="982764bb-54f2-4692-a1de-a2795b9627bc" name="runneradmin@fv-az586-773 2025-05-29 06:11:58" runUser="fv-az586-773\runneradmin" xmlns="http://microsoft.com/schemas/VisualStudio/TeamTest/2010">
  <Times creation="2025-05-29T06:11:58.6618663+00:00" queuing="2025-05-29T06:11:58.6618665+00:00" start="2025-05-29T06:11:47.3002070+00:00" finish="2025-05-29T06:11:58.7178537+00:00" />
  <TestSettings name="default" id="e4992e51-de94-40a7-9532-7f27bd470c78">
    <Deployment runDeploymentRoot="runneradmin_fv-az586-773_2025-05-29_06_11_58" />
  </TestSettings>
  <Results>
    <UnitTestResult executionId="aa82a187-eed3-4f90-9004-47cebf04ec05" testId="7c29a437-1a80-dbfb-d3c8-176325bf7082" testName="FooTest (100)" computerName="fv-az586-773" duration="00:00:00.0281116" startTime="2025-05-29T06:11:58.6233690+00:00" endTime="2025-05-29T06:11:58.6650388+00:00" testType="13cdc9d9-ddb5-4fa4-a97d-d965ccfc6d4b" outcome="Passed" testListId="8c84fa94-04c1-424b-9868-57a2d4851a1d" relativeResultsDirectory="aa82a187-eed3-4f90-9004-47cebf04ec05">
      <Output>
        <StdOut>SSE  : True&#xD;
SSE2 : True&#xD;
SSE3 : True&#xD;
SSSE3: True&#xD;
SSE4.1: True&#xD;
SSE4.2: True&#xD;
AES     : True&#xD;
PCLMULQDQ: True&#xD;
AVX  : True&#xD;
AVX2 : True&#xD;
FMA  : True</StdOut>
      </Output>
    </UnitTestResult>
    <UnitTestResult executionId="93fb26c3-5b5c-43a0-9dd5-417aeb0ca07d" testId="22bfdc5d-0a92-811f-9df7-29a921d16c2e" testName="Versioning (100)" computerName="fv-az586-773" duration="00:00:00.0079512" startTime="2025-05-29T06:11:58.6233400+00:00" endTime="2025-05-29T06:11:58.6315440+00:00" testType="13cdc9d9-ddb5-4fa4-a97d-d965ccfc6d4b" outcome="Passed" testListId="8c84fa94-04c1-424b-9868-57a2d4851a1d" relativeResultsDirectory="93fb26c3-5b5c-43a0-9dd5-417aeb0ca07d">
      <Output>
        <StdOut>20250-62100   2/16/2025 12:00:00 AM&#xD;
20250-62156   2/16/2025 1:00:00 AM&#xD;
20250-62212   2/16/2025 2:00:00 AM&#xD;
20250-62268   2/16/2025 3:00:00 AM&#xD;
20250-62325   2/16/2025 4:00:00 AM&#xD;
20250-62381   2/16/2025 5:00:00 AM&#xD;
20250-62437   2/16/2025 6:00:00 AM&#xD;
20250-62493   2/16/2025 7:00:00 AM&#xD;
20250-62550   2/16/2025 8:00:00 AM&#xD;
20250-62606   2/16/2025 9:00:00 AM&#xD;
20250-62662   2/16/2025 10:00:00 AM&#xD;
20250-62718   2/16/2025 11:00:00 AM&#xD;
20250-62775   2/16/2025 12:00:00 PM&#xD;
20250-62831   2/16/2025 1:00:00 PM&#xD;
20250-62887   2/16/2025 2:00:00 PM&#xD;
20250-62943   2/16/2025 3:00:00 PM&#xD;
20250-63000   2/16/2025 4:00:00 PM&#xD;
20250-63056   2/16/2025 5:00:00 PM&#xD;
20250-63112   2/16/2025 6:00:00 PM&#xD;
20250-63168   2/16/2025 7:00:00 PM&#xD;
20250-63225   2/16/2025 8:00:00 PM&#xD;
20250-63281   2/16/2025 9:00:00 PM&#xD;
20250-63337   2/16/2025 10:00:00 PM&#xD;
20250-63393   2/16/2025 11:00:00 PM</StdOut>
      </Output>
    </UnitTestResult>
    <UnitTestResult executionId="4f64bb22-9e43-4991-b689-4515f7739bd1" testId="b2b79731-bdad-3c6b-c048-40ebe23479cf" testName="TestOsVersionServiceIntegration (500)" computerName="fv-az586-773" duration="00:00:00.0094854" startTime="2025-05-29T06:11:58.2985598+00:00" endTime="2025-05-29T06:11:58.5858451+00:00" testType="13cdc9d9-ddb5-4fa4-a97d-d965ccfc6d4b" outcome="Passed" testListId="8c84fa94-04c1-424b-9868-57a2d4851a1d" relativeResultsDirectory="4f64bb22-9e43-4991-b689-4515f7739bd1">
      <Output>
        <StdOut>Microsoft Windows 10.0.20348</StdOut>
      </Output>
    </UnitTestResult>
    <UnitTestResult executionId="5068dabc-3de0-4c4f-ac42-eec6ef907976" testId="d9d63901-8bcc-d786-27c6-2227bef766c5" testName="TestOsVersionServiceIntegration (100)" computerName="fv-az586-773" duration="00:00:00.0094725" startTime="2025-05-29T06:11:58.2986137+00:00" endTime="2025-05-29T06:11:58.5858451+00:00" testType="13cdc9d9-ddb5-4fa4-a97d-d965ccfc6d4b" outcome="Passed" testListId="8c84fa94-04c1-424b-9868-57a2d4851a1d" relativeResultsDirectory="5068dabc-3de0-4c4f-ac42-eec6ef907976">
      <Output>
        <StdOut>Microsoft Windows 10.0.20348</StdOut>
      </Output>
    </UnitTestResult>
    <UnitTestResult executionId="6e5c7937-60d8-4225-9291-08d4aa411e76" testId="99ac644f-f15f-7aab-97ed-bdd1b1597d0f" testName="TestOsVersionServiceIntegration (200)" computerName="fv-az586-773" duration="00:00:00.0094674" startTime="2025-05-29T06:11:58.2986268+00:00" endTime="2025-05-29T06:11:58.5858452+00:00" testType="13cdc9d9-ddb5-4fa4-a97d-d965ccfc6d4b" outcome="Passed" testListId="8c84fa94-04c1-424b-9868-57a2d4851a1d" relativeResultsDirectory="6e5c7937-60d8-4225-9291-08d4aa411e76">
      <Output>
        <StdOut>Microsoft Windows 10.0.20348</StdOut>
      </Output>
    </UnitTestResult>
  </Results>
  <TestDefinitions>
    <UnitTest name="Versioning (100)" storage="d:\a\blackbytesbox.distributed.bbdist\blackbytesbox.distributed.bbdist\source\blackbytesbox.distributed.bbdist\projectitems\blackbytesbox.distributed.bbdist.tests\bin\release\net6.0\blackbytesbox.distributed.bbdist.tests.dll" id="22bfdc5d-0a92-811f-9df7-29a921d16c2e">
      <Execution id="93fb26c3-5b5c-43a0-9dd5-417aeb0ca07d" />
      <TestMethod codeBase="D:\a\BlackBytesBox.Distributed.bbdist\BlackBytesBox.Distributed.bbdist\source\BlackBytesBox.Distributed.bbdist\ProjectItems\BlackBytesBox.Distributed.bbdist.Tests\bin\Release\net6.0\BlackBytesBox.Distributed.bbdist.Tests.dll" adapterTypeName="executor://mstestadapter/v2" className="BlackBytesBox.Distributed.bbdist.Tests.OsVersionServiceTests" name="Versioning" />
    </UnitTest>
    <UnitTest name="TestOsVersionServiceIntegration (100)" storage="d:\a\blackbytesbox.distributed.bbdist\blackbytesbox.distributed.bbdist\source\blackbytesbox.distributed.bbdist\projectitems\blackbytesbox.distributed.bbdist.tests\bin\release\net6.0\blackbytesbox.distributed.bbdist.tests.dll" id="d9d63901-8bcc-d786-27c6-2227bef766c5">
      <Execution id="5068dabc-3de0-4c4f-ac42-eec6ef907976" />
      <TestMethod codeBase="D:\a\BlackBytesBox.Distributed.bbdist\BlackBytesBox.Distributed.bbdist\source\BlackBytesBox.Distributed.bbdist\ProjectItems\BlackBytesBox.Distributed.bbdist.Tests\bin\Release\net6.0\BlackBytesBox.Distributed.bbdist.Tests.dll" adapterTypeName="executor://mstestadapter/v2" className="BlackBytesBox.Distributed.bbdist.Tests.OsVersionServiceTests" name="TestOsVersionServiceIntegration" />
    </UnitTest>
    <UnitTest name="FooTest (100)" storage="d:\a\blackbytesbox.distributed.bbdist\blackbytesbox.distributed.bbdist\source\blackbytesbox.distributed.bbdist\projectitems\blackbytesbox.distributed.bbdist.tests\bin\release\net6.0\blackbytesbox.distributed.bbdist.tests.dll" id="7c29a437-1a80-dbfb-d3c8-176325bf7082">
      <Execution id="aa82a187-eed3-4f90-9004-47cebf04ec05" />
      <TestMethod codeBase="D:\a\BlackBytesBox.Distributed.bbdist\BlackBytesBox.Distributed.bbdist\source\BlackBytesBox.Distributed.bbdist\ProjectItems\BlackBytesBox.Distributed.bbdist.Tests\bin\Release\net6.0\BlackBytesBox.Distributed.bbdist.Tests.dll" adapterTypeName="executor://mstestadapter/v2" className="BlackBytesBox.Distributed.bbdist.Tests.OsVersionServiceTests" name="FooTest" />
    </UnitTest>
    <UnitTest name="TestOsVersionServiceIntegration (200)" storage="d:\a\blackbytesbox.distributed.bbdist\blackbytesbox.distributed.bbdist\source\blackbytesbox.distributed.bbdist\projectitems\blackbytesbox.distributed.bbdist.tests\bin\release\net6.0\blackbytesbox.distributed.bbdist.tests.dll" id="99ac644f-f15f-7aab-97ed-bdd1b1597d0f">
      <Execution id="6e5c7937-60d8-4225-9291-08d4aa411e76" />
      <TestMethod codeBase="D:\a\BlackBytesBox.Distributed.bbdist\BlackBytesBox.Distributed.bbdist\source\BlackBytesBox.Distributed.bbdist\ProjectItems\BlackBytesBox.Distributed.bbdist.Tests\bin\Release\net6.0\BlackBytesBox.Distributed.bbdist.Tests.dll" adapterTypeName="executor://mstestadapter/v2" className="BlackBytesBox.Distributed.bbdist.Tests.OsVersionServiceTests" name="TestOsVersionServiceIntegration" />
    </UnitTest>
    <UnitTest name="TestOsVersionServiceIntegration (500)" storage="d:\a\blackbytesbox.distributed.bbdist\blackbytesbox.distributed.bbdist\source\blackbytesbox.distributed.bbdist\projectitems\blackbytesbox.distributed.bbdist.tests\bin\release\net6.0\blackbytesbox.distributed.bbdist.tests.dll" id="b2b79731-bdad-3c6b-c048-40ebe23479cf">
      <Execution id="4f64bb22-9e43-4991-b689-4515f7739bd1" />
      <TestMethod codeBase="D:\a\BlackBytesBox.Distributed.bbdist\BlackBytesBox.Distributed.bbdist\source\BlackBytesBox.Distributed.bbdist\ProjectItems\BlackBytesBox.Distributed.bbdist.Tests\bin\Release\net6.0\BlackBytesBox.Distributed.bbdist.Tests.dll" adapterTypeName="executor://mstestadapter/v2" className="BlackBytesBox.Distributed.bbdist.Tests.OsVersionServiceTests" name="TestOsVersionServiceIntegration" />
    </UnitTest>
  </TestDefinitions>
  <TestEntries>
    <TestEntry testId="7c29a437-1a80-dbfb-d3c8-176325bf7082" executionId="aa82a187-eed3-4f90-9004-47cebf04ec05" testListId="8c84fa94-04c1-424b-9868-57a2d4851a1d" />
    <TestEntry testId="22bfdc5d-0a92-811f-9df7-29a921d16c2e" executionId="93fb26c3-5b5c-43a0-9dd5-417aeb0ca07d" testListId="8c84fa94-04c1-424b-9868-57a2d4851a1d" />
    <TestEntry testId="b2b79731-bdad-3c6b-c048-40ebe23479cf" executionId="4f64bb22-9e43-4991-b689-4515f7739bd1" testListId="8c84fa94-04c1-424b-9868-57a2d4851a1d" />
    <TestEntry testId="d9d63901-8bcc-d786-27c6-2227bef766c5" executionId="5068dabc-3de0-4c4f-ac42-eec6ef907976" testListId="8c84fa94-04c1-424b-9868-57a2d4851a1d" />
    <TestEntry testId="99ac644f-f15f-7aab-97ed-bdd1b1597d0f" executionId="6e5c7937-60d8-4225-9291-08d4aa411e76" testListId="8c84fa94-04c1-424b-9868-57a2d4851a1d" />
  </TestEntries>
  <TestLists>
    <TestList name="Results Not in a List" id="8c84fa94-04c1-424b-9868-57a2d4851a1d" />
    <TestList name="All Loaded Results" id="19431567-8539-422a-85d7-44ee4e166bda" />
  </TestLists>
  <ResultSummary outcome="Completed">
    <Counters total="5" executed="5" passed="5" failed="0" error="0" timeout="0" aborted="0" inconclusive="0" passedButRunAborted="0" notRunnable="0" notExecuted="0" disconnected="0" warning="0" completed="0" inProgress="0" pending="0" />
    <Output>
      <StdOut>Test Parallelization enabled for D:\a\BlackBytesBox.Distributed.bbdist\BlackBytesBox.Distributed.bbdist\source\BlackBytesBox.Distributed.bbdist\ProjectItems\BlackBytesBox.Distributed.bbdist.Tests\bin\Release\net6.0\BlackBytesBox.Distributed.bbdist.Tests.dll (Workers: 4, Scope: MethodLevel)&#xD;
</StdOut>
    </Output>
  </ResultSummary>
</TestRun>